utngrunner/build/intermediates/manifest_merge_blame_file/debug/processDebugMainManifest/manifest-merger-blame-debug-report.txt
1<?xml version="1.0" encoding="utf-8"?>
2<manifest xmlns:android="http://schemas.android.com/apk/res/android"
3    package="mx.edu.utng.utngrunner"
4    android:versionCode="1"
5    android:versionName="1.0" >
6
7    <uses-sdk
8        android:minSdkVersion="30"
9        android:targetSdkVersion="36" />
10
11    <!-- Permiso original -->
12    <uses-permission android:name="android.permission.WAKE_LOCK" />
12-->src\main\AndroidManifest.xml:5:5-68
12-->src\main\AndroidManifest.xml:5:22-65
13
14    <!-- Health Services para frecuencia cardíaca -->
15    <uses-permission android:name="android.permission.BODY_SENSORS" />
15-->src\main\AndroidManifest.xml:8:5-71
15-->src\main\AndroidManifest.xml:8:22-68
16    <uses-permission android:name="android.permission.health.READ_HEART_RATE" />
16-->src\main\AndroidManifest.xml:9:5-81
16-->src\main\AndroidManifest.xml:9:22-78
17
18    <!-- Haptics -->
19    <uses-permission android:name="android.permission.VIBRATE" />
19-->src\main\AndroidManifest.xml:12:5-66
19-->src\main\AndroidManifest.xml:12:22-63
20
21    <!-- Wear OS feature -->
22    <uses-feature android:name="android.hardware.type.watch" />
22-->src\main\AndroidManifest.xml:15:5-64
22-->src\main\AndroidManifest.xml:15:19-61
23
24    <queries>
24-->[com.google.android.gms:play-services-games-v2:21.0.0] AndroidManifest.xml:7:5-10:15
25        <package android:name="com.google.android.gms" />
25-->[com.google.android.gms:play-services-games-v2:21.0.0] AndroidManifest.xml:8:9-58
25-->[com.google.android.gms:play-services-games-v2:21.0.0] AndroidManifest.xml:8:18-55
26        <package android:name="com.android.vending" />
26-->[com.google.android.gms:play-services-games-v2:21.0.0] AndroidManifest.xml:9:9-55
26-->[com.google.android.gms:play-services-games-v2:21.0.0] AndroidManifest.xml:9:18-52
27        <package android:name="com.google.android.wearable.healthservices" />
27-->[androidx.health:health-services-client:1.1.0-alpha03] AndroidManifest.xml:20:9-78
27-->[androidx.health:health-services-client:1.1.0-alpha03] AndroidManifest.xml:20:18-75
28    </queries>
29
30    <permission
30-->[androidx.core:core:1.18.0] AndroidManifest.xml:22:5-24:47
31        android:name="mx.edu.utng.utngrunner.DYNAMIC_RECEIVER_NOT_EXPORTED_PERMISSION"
31-->[androidx.core:core:1.18.0] AndroidManifest.xml:23:9-81
32        android:protectionLevel="signature" />
32-->[androidx.core:core:1.18.0] AndroidManifest.xml:24:9-44
33
34    <uses-permission android:name="mx.edu.utng.utngrunner.DYNAMIC_RECEIVER_NOT_EXPORTED_PERMISSION" />
34-->[androidx.core:core:1.18.0] AndroidManifest.xml:26:5-97
34-->[androidx.core:core:1.18.0] AndroidManifest.xml:26:22-94
35
36    <application
36-->src\main\AndroidManifest.xml:17:5-48:19
37        android:allowBackup="true"
37-->src\main\AndroidManifest.xml:18:9-35
38        android:appComponentFactory="androidx.core.app.CoreComponentFactory"
38-->[androidx.core:core:1.18.0] AndroidManifest.xml:28:18-86
39        android:extractNativeLibs="false"
40        android:icon="@mipmap/ic_launcher"
40-->src\main\AndroidManifest.xml:19:9-43
41        android:label="@string/app_name"
41-->src\main\AndroidManifest.xml:20:9-41
42        android:supportsRtl="true"
42-->src\main\AndroidManifest.xml:21:9-35
43        android:testOnly="true"
44        android:theme="@android:style/Theme.DeviceDefault" >
44-->src\main\AndroidManifest.xml:22:9-59
45        <uses-library
45-->src\main\AndroidManifest.xml:24:9-26:39
46            android:name="com.google.android.wearable"
46-->src\main\AndroidManifest.xml:25:13-55
47            android:required="true" />
47-->src\main\AndroidManifest.xml:26:13-36
48        <uses-library
48-->src\main\AndroidManifest.xml:27:9-29:40
49            android:name="wear-sdk"
49-->src\main\AndroidManifest.xml:28:13-36
50            android:required="false" />
50-->src\main\AndroidManifest.xml:29:13-37
51
52        <!-- App standalone (no requiere celular) -->
53        <meta-data
53-->src\main\AndroidManifest.xml:32:9-34:36
54            android:name="com.google.android.wearable.standalone"
54-->src\main\AndroidManifest.xml:33:13-66
55            android:value="true" />
55-->src\main\AndroidManifest.xml:34:13-33
56
57        <activity
57-->src\main\AndroidManifest.xml:36:9-46:20
58            android:name="mx.edu.utng.utngrunner.presentation.MainActivity"
58-->src\main\AndroidManifest.xml:37:13-54
59            android:exported="true"
59-->src\main\AndroidManifest.xml:38:13-36
60            android:label="UTNG Runner"
60-->src\main\AndroidManifest.xml:41:13-40
61            android:taskAffinity=""
61-->src\main\AndroidManifest.xml:39:13-36
62            android:theme="@style/MainActivityTheme.Starting" >
62-->src\main\AndroidManifest.xml:40:13-62
63            <intent-filter>
63-->src\main\AndroidManifest.xml:42:13-45:29
64                <action android:name="android.intent.action.MAIN" />
64-->src\main\AndroidManifest.xml:43:17-69
64-->src\main\AndroidManifest.xml:43:25-66
65
66                <category android:name="android.intent.category.LAUNCHER" />
66-->src\main\AndroidManifest.xml:44:17-77
66-->src\main\AndroidManifest.xml:44:27-74
67            </intent-filter>
68        </activity>
69
70        <profileable
71            android:enabled="true"
72            android:shell="true" />
73
74        <provider
74-->[com.google.android.gms:play-services-games-v2:21.0.0] AndroidManifest.xml:13:9-17:38
75            android:name="com.google.android.gms.games.provider.PlayGamesInitProvider"
75-->[com.google.android.gms:play-services-games-v2:21.0.0] AndroidManifest.xml:14:13-87
76            android:authorities="mx.edu.utng.utngrunner.playgamesinitprovider"
76-->[com.google.android.gms:play-services-games-v2:21.0.0] AndroidManifest.xml:15:13-73
77            android:exported="false"
77-->[com.google.android.gms:play-services-games-v2:21.0.0] AndroidManifest.xml:16:13-37
78            android:initOrder="99" />
78-->[com.google.android.gms:play-services-games-v2:21.0.0] AndroidManifest.xml:17:13-35
79
80        <activity
80-->[com.google.android.gms:play-services-games-v2:21.0.0] AndroidManifest.xml:19:9-22:62
81            android:name="com.google.android.gms.games.internal.v2.resolution.GamesResolutionActivity"
81-->[com.google.android.gms:play-services-games-v2:21.0.0] AndroidManifest.xml:20:13-103
82            android:exported="false"
82-->[com.google.android.gms:play-services-games-v2:21.0.0] AndroidManifest.xml:21:13-37
83            android:theme="@style/Theme.Games.Transparent" />
83-->[com.google.android.gms:play-services-games-v2:21.0.0] AndroidManifest.xml:22:13-59
84        <activity
84-->[com.google.android.gms:play-services-games-v2:21.0.0] AndroidManifest.xml:23:9-26:62
85            android:name="com.google.android.gms.games.internal.v2.appshortcuts.PlayGamesAppShortcutsActivity"
85-->[com.google.android.gms:play-services-games-v2:21.0.0] AndroidManifest.xml:24:13-111
86            android:exported="true"
86-->[com.google.android.gms:play-services-games-v2:21.0.0] AndroidManifest.xml:25:13-36
87            android:theme="@style/Theme.Games.Transparent" />
87-->[com.google.android.gms:play-services-games-v2:21.0.0] AndroidManifest.xml:26:13-59
88
89        <meta-data
89-->[com.google.android.gms:play-services-games-v2:21.0.0] AndroidManifest.xml:28:9-30:62
90            android:name="com.google.android.gms.games.version"
90-->[com.google.android.gms:play-services-games-v2:21.0.0] AndroidManifest.xml:29:13-64
91            android:value="@string/play_games_sdk_version" />
91-->[com.google.android.gms:play-services-games-v2:21.0.0] AndroidManifest.xml:30:13-59
92
93        <activity
93-->[com.google.android.gms:play-services-base:18.5.0] AndroidManifest.xml:5:9-173
94            android:name="com.google.android.gms.common.api.GoogleApiActivity"
94-->[com.google.android.gms:play-services-base:18.5.0] AndroidManifest.xml:5:19-85
95            android:exported="false"
95-->[com.google.android.gms:play-services-base:18.5.0] AndroidManifest.xml:5:146-170
96            android:theme="@android:style/Theme.Translucent.NoTitleBar" />
96-->[com.google.android.gms:play-services-base:18.5.0] AndroidManifest.xml:5:86-145
97
98        <meta-data
98-->[com.google.android.gms:play-services-basement:18.9.0] AndroidManifest.xml:21:9-23:69
99            android:name="com.google.android.gms.version"
99-->[com.google.android.gms:play-services-basement:18.9.0] AndroidManifest.xml:22:13-58
100            android:value="@integer/google_play_services_version" />
100-->[com.google.android.gms:play-services-basement:18.9.0] AndroidManifest.xml:23:13-66
101
102        <activity
102-->[androidx.compose.ui:ui-test-manifest:1.9.2] AndroidManifest.xml:23:9-26:79
103            android:name="androidx.activity.ComponentActivity"
103-->[androidx.compose.ui:ui-test-manifest:1.9.2] AndroidManifest.xml:24:13-63
104            android:exported="true"
104-->[androidx.compose.ui:ui-test-manifest:1.9.2] AndroidManifest.xml:25:13-36
105            android:theme="@android:style/Theme.Material.Light.NoActionBar" />
105-->[androidx.compose.ui:ui-test-manifest:1.9.2] AndroidManifest.xml:26:13-76
106        <activity
106-->[androidx.compose.ui:ui-tooling-android:1.9.2] AndroidManifest.xml:23:9-25:39
107            android:name="androidx.compose.ui.tooling.PreviewActivity"
107-->[androidx.compose.ui:ui-tooling-android:1.9.2] AndroidManifest.xml:24:13-71
108            android:exported="true" />
108-->[androidx.compose.ui:ui-tooling-android:1.9.2] AndroidManifest.xml:25:13-36
109
110        <service
110-->[androidx.health:health-services-client:1.1.0-alpha03] AndroidManifest.xml:24:9-31:19
111            android:name="androidx.health.services.client.VersionApiService"
111-->[androidx.health:health-services-client:1.1.0-alpha03] AndroidManifest.xml:25:13-77
112            android:exported="true"
112-->[androidx.health:health-services-client:1.1.0-alpha03] AndroidManifest.xml:26:13-36
113            android:permission="com.google.android.wearable.healthservices.permission.PASSIVE_DATA_BINDING" >
113-->[androidx.health:health-services-client:1.1.0-alpha03] AndroidManifest.xml:27:13-108
114            <intent-filter>
114-->[androidx.health:health-services-client:1.1.0-alpha03] AndroidManifest.xml:28:13-30:29
115                <action android:name="hs.versionclient.BIND" />
115-->[androidx.health:health-services-client:1.1.0-alpha03] AndroidManifest.xml:29:17-64
115-->[androidx.health:health-services-client:1.1.0-alpha03] AndroidManifest.xml:29:25-61
116            </intent-filter>
117        </service>
118
119        <provider
119-->[androidx.emoji2:emoji2:1.4.0] AndroidManifest.xml:24:9-32:20
120            android:name="androidx.startup.InitializationProvider"
120-->[androidx.emoji2:emoji2:1.4.0] AndroidManifest.xml:25:13-67
121            android:authorities="mx.edu.utng.utngrunner.androidx-startup"
121-->[androidx.emoji2:emoji2:1.4.0] AndroidManifest.xml:26:13-68
122            android:exported="false" >
122-->[androidx.emoji2:emoji2:1.4.0] AndroidManifest.xml:27:13-37
123            <meta-data
123-->[androidx.emoji2:emoji2:1.4.0] AndroidManifest.xml:29:13-31:52
124                android:name="androidx.emoji2.text.EmojiCompatInitializer"
124-->[androidx.emoji2:emoji2:1.4.0] AndroidManifest.xml:30:17-75
125                android:value="androidx.startup" />
125-->[androidx.emoji2:emoji2:1.4.0] AndroidManifest.xml:31:17-49
126            <meta-data
126-->[androidx.lifecycle:lifecycle-process:2.9.4] AndroidManifest.xml:29:13-31:52
127                android:name="androidx.lifecycle.ProcessLifecycleInitializer"
127-->[androidx.lifecycle:lifecycle-process:2.9.4] AndroidManifest.xml:30:17-78
128                android:value="androidx.startup" />
128-->[androidx.lifecycle:lifecycle-process:2.9.4] AndroidManifest.xml:31:17-49
129            <meta-data
129-->[androidx.profileinstaller:profileinstaller:1.4.0] AndroidManifest.xml:29:13-31:52
130                android:name="androidx.profileinstaller.ProfileInstallerInitializer"
130-->[androidx.profileinstaller:profileinstaller:1.4.0] AndroidManifest.xml:30:17-85
131                android:value="androidx.startup" />
131-->[androidx.profileinstaller:profileinstaller:1.4.0] AndroidManifest.xml:31:17-49
132        </provider>
133
134        <receiver
134-->[androidx.profileinstaller:profileinstaller:1.4.0] AndroidManifest.xml:34:9-52:20
135            android:name="androidx.profileinstaller.ProfileInstallReceiver"
135-->[androidx.profileinstaller:profileinstaller:1.4.0] AndroidManifest.xml:35:13-76
136            android:directBootAware="false"
136-->[androidx.profileinstaller:profileinstaller:1.4.0] AndroidManifest.xml:36:13-44
137            android:enabled="true"
137-->[androidx.profileinstaller:profileinstaller:1.4.0] AndroidManifest.xml:37:13-35
138            android:exported="true"
138-->[androidx.profileinstaller:profileinstaller:1.4.0] AndroidManifest.xml:38:13-36
139            android:permission="android.permission.DUMP" >
139-->[androidx.profileinstaller:profileinstaller:1.4.0] AndroidManifest.xml:39:13-57
140            <intent-filter>
140-->[androidx.profileinstaller:profileinstaller:1.4.0] AndroidManifest.xml:40:13-42:29
141                <action android:name="androidx.profileinstaller.action.INSTALL_PROFILE" />
141-->[androidx.profileinstaller:profileinstaller:1.4.0] AndroidManifest.xml:41:17-91
141-->[androidx.profileinstaller:profileinstaller:1.4.0] AndroidManifest.xml:41:25-88
142            </intent-filter>
143            <intent-filter>
143-->[androidx.profileinstaller:profileinstaller:1.4.0] AndroidManifest.xml:43:13-45:29
144                <action android:name="androidx.profileinstaller.action.SKIP_FILE" />
144-->[androidx.profileinstaller:profileinstaller:1.4.0] AndroidManifest.xml:44:17-85
144-->[androidx.profileinstaller:profileinstaller:1.4.0] AndroidManifest.xml:44:25-82
145            </intent-filter>
146            <intent-filter>
146-->[androidx.profileinstaller:profileinstaller:1.4.0] AndroidManifest.xml:46:13-48:29
147                <action android:name="androidx.profileinstaller.action.SAVE_PROFILE" />
147-->[androidx.profileinstaller:profileinstaller:1.4.0] AndroidManifest.xml:47:17-88
147-->[androidx.profileinstaller:profileinstaller:1.4.0] AndroidManifest.xml:47:25-85
148            </intent-filter>
149            <intent-filter>
149-->[androidx.profileinstaller:profileinstaller:1.4.0] AndroidManifest.xml:49:13-51:29
150                <action android:name="androidx.profileinstaller.action.BENCHMARK_OPERATION" />
150-->[androidx.profileinstaller:profileinstaller:1.4.0] AndroidManifest.xml:50:17-95
150-->[androidx.profileinstaller:profileinstaller:1.4.0] AndroidManifest.xml:50:25-92
151            </intent-filter>
152        </receiver>
153    </application>
154
155</manifest>